2020-06-26 00:39:43 [32minfo[39m: Routes :: Mounting API Routes... 
2020-06-26 00:39:43 [32minfo[39m: Configuration :: Booting @ Master... 
2020-06-26 00:39:44 [32minfo[39m: Routes :: Mounting API Routes... 
2020-06-26 00:39:44 [32minfo[39m: Database :: Booting @ Master... 
2020-06-26 00:39:44 [32minfo[39m: Server :: Booting @ Master... 
2020-06-26 00:39:44 [32minfo[39m: Hello world hellooo 
2020-06-26 00:39:44 [32minfo[39m: Routes :: Mounting API Routes... 
2020-06-26 00:39:44 [32minfo[39m: Database :: Booting @ Master... 
2020-06-26 00:39:44 [32minfo[39m: Server :: Booting @ Master... 
2020-06-26 00:39:44 [32minfo[39m: Hello world hellooo 
2020-06-26 00:39:44 [32minfo[39m: Routes :: Mounting API Routes... 
2020-06-26 00:39:44 [32minfo[39m: Database :: Booting @ Master... 
2020-06-26 00:39:44 [32minfo[39m: Server :: Booting @ Master... 
2020-06-26 00:39:44 [32minfo[39m: Hello world hellooo 
2020-06-26 00:39:44 [32minfo[39m: Routes :: Mounting API Routes... 
2020-06-26 00:39:44 [32minfo[39m: Database :: Booting @ Master... 
2020-06-26 00:39:44 [32minfo[39m: Server :: Booting @ Master... 
2020-06-26 00:39:44 [32minfo[39m: Hello world hellooo 
2020-06-26 00:39:44 [32minfo[39m: Routes :: Mounting API Routes... 
2020-06-26 00:39:44 [32minfo[39m: Database :: Booting @ Master... 
2020-06-26 00:39:44 [32minfo[39m: Server :: Booting @ Master... 
2020-06-26 00:39:44 [32minfo[39m: Hello world hellooo 
2020-06-26 00:39:44 [32minfo[39m: Routes :: Mounting API Routes... 
2020-06-26 00:39:44 [32minfo[39m: Database :: Booting @ Master... 
2020-06-26 00:39:44 [32minfo[39m: Server :: Booting @ Master... 
2020-06-26 00:39:44 [32minfo[39m: Hello world hellooo 
2020-06-26 00:39:44 [32minfo[39m: Routes :: Mounting API Routes... 
2020-06-26 00:39:44 [32minfo[39m: Database :: Booting @ Master... 
2020-06-26 00:39:44 [32minfo[39m: Server :: Booting @ Master... 
2020-06-26 00:39:44 [32minfo[39m: Hello world hellooo 
2020-06-26 00:39:44 [32minfo[39m: Routes :: Mounting API Routes... 
2020-06-26 00:39:44 [32minfo[39m: Database :: Booting @ Master... 
2020-06-26 00:39:44 [32minfo[39m: Server :: Booting @ Master... 
2020-06-26 00:39:44 [32minfo[39m: Hello world hellooo 
2020-06-26 00:40:43 [32minfo[39m: Worker :: Booting @ Master... 
2020-06-26 00:41:24 [32minfo[39m: Routes :: Mounting API Routes... 
2020-06-26 00:41:24 [32minfo[39m: Configuration :: Booting @ Master... 
2020-06-26 00:41:24 [32minfo[39m: Routes :: Mounting API Routes... 
2020-06-26 00:41:24 [32minfo[39m: Database :: Booting @ Master... 
2020-06-26 00:41:24 [32minfo[39m: Server :: Booting @ Master... 
2020-06-26 00:41:24 [32minfo[39m: Hello world hellooo 
2020-06-26 00:41:24 [32minfo[39m: Routes :: Mounting API Routes... 
2020-06-26 00:41:24 [32minfo[39m: Routes :: Mounting API Routes... 
2020-06-26 00:41:25 [32minfo[39m: Database :: Booting @ Master... 
2020-06-26 00:41:25 [32minfo[39m: Server :: Booting @ Master... 
2020-06-26 00:41:25 [32minfo[39m: Hello world hellooo 
2020-06-26 00:41:25 [32minfo[39m: Database :: Booting @ Master... 
2020-06-26 00:41:25 [32minfo[39m: Server :: Booting @ Master... 
2020-06-26 00:41:25 [32minfo[39m: Hello world hellooo 
2020-06-26 00:41:25 [32minfo[39m: Routes :: Mounting API Routes... 
2020-06-26 00:41:25 [32minfo[39m: Database :: Booting @ Master... 
2020-06-26 00:41:25 [32minfo[39m: Server :: Booting @ Master... 
2020-06-26 00:41:25 [32minfo[39m: Hello world hellooo 
2020-06-26 00:41:25 [32minfo[39m: Routes :: Mounting API Routes... 
2020-06-26 00:41:25 [32minfo[39m: Database :: Booting @ Master... 
2020-06-26 00:41:25 [32minfo[39m: Server :: Booting @ Master... 
2020-06-26 00:41:25 [32minfo[39m: Hello world hellooo 
2020-06-26 00:41:25 [32minfo[39m: Routes :: Mounting API Routes... 
2020-06-26 00:41:25 [32minfo[39m: Database :: Booting @ Master... 
2020-06-26 00:41:25 [32minfo[39m: Server :: Booting @ Master... 
2020-06-26 00:41:25 [32minfo[39m: Hello world hellooo 
2020-06-26 00:41:25 [32minfo[39m: Routes :: Mounting API Routes... 
2020-06-26 00:41:25 [32minfo[39m: Database :: Booting @ Master... 
2020-06-26 00:41:25 [32minfo[39m: Server :: Booting @ Master... 
2020-06-26 00:41:25 [32minfo[39m: Hello world hellooo 
2020-06-26 00:41:25 [32minfo[39m: Routes :: Mounting API Routes... 
2020-06-26 00:41:25 [32minfo[39m: Database :: Booting @ Master... 
2020-06-26 00:41:25 [32minfo[39m: Server :: Booting @ Master... 
2020-06-26 00:41:25 [32minfo[39m: Hello world hellooo 
2020-06-26 00:41:36 [32minfo[39m: Routes :: Mounting API Routes... 
2020-06-26 00:41:36 [32minfo[39m: Configuration :: Booting @ Master... 
2020-06-26 00:41:37 [32minfo[39m: Routes :: Mounting API Routes... 
2020-06-26 00:41:37 [32minfo[39m: Routes :: Mounting API Routes... 
2020-06-26 00:41:37 [32minfo[39m: Database :: Booting @ Master... 
2020-06-26 00:41:37 [32minfo[39m: Server :: Booting @ Master... 
2020-06-26 00:41:37 [32minfo[39m: Hello world hellooo 
2020-06-26 00:41:37 [32minfo[39m: Database :: Booting @ Master... 
2020-06-26 00:41:37 [32minfo[39m: Server :: Booting @ Master... 
2020-06-26 00:41:37 [32minfo[39m: Hello world hellooo 
2020-06-26 00:41:37 [32minfo[39m: Routes :: Mounting API Routes... 
2020-06-26 00:41:37 [32minfo[39m: Database :: Booting @ Master... 
2020-06-26 00:41:37 [32minfo[39m: Server :: Booting @ Master... 
2020-06-26 00:41:37 [32minfo[39m: Hello world hellooo 
2020-06-26 00:41:37 [32minfo[39m: Routes :: Mounting API Routes... 
2020-06-26 00:41:37 [32minfo[39m: Database :: Booting @ Master... 
2020-06-26 00:41:37 [32minfo[39m: Server :: Booting @ Master... 
2020-06-26 00:41:37 [32minfo[39m: Hello world hellooo 
2020-06-26 00:41:37 [32minfo[39m: Routes :: Mounting API Routes... 
2020-06-26 00:41:37 [32minfo[39m: Database :: Booting @ Master... 
2020-06-26 00:41:37 [32minfo[39m: Server :: Booting @ Master... 
2020-06-26 00:41:37 [32minfo[39m: Hello world hellooo 
2020-06-26 00:41:37 [32minfo[39m: Routes :: Mounting API Routes... 
2020-06-26 00:41:37 [32minfo[39m: Database :: Booting @ Master... 
2020-06-26 00:41:37 [32minfo[39m: Server :: Booting @ Master... 
2020-06-26 00:41:37 [32minfo[39m: Hello world hellooo 
2020-06-26 00:41:37 [32minfo[39m: Routes :: Mounting API Routes... 
2020-06-26 00:41:37 [32minfo[39m: Database :: Booting @ Master... 
2020-06-26 00:41:37 [32minfo[39m: Server :: Booting @ Master... 
2020-06-26 00:41:37 [32minfo[39m: Hello world hellooo 
2020-06-26 00:41:37 [32minfo[39m: Routes :: Mounting API Routes... 
2020-06-26 00:41:37 [32minfo[39m: Database :: Booting @ Master... 
2020-06-26 00:41:37 [32minfo[39m: Server :: Booting @ Master... 
2020-06-26 00:41:37 [32minfo[39m: Hello world hellooo 
2020-06-26 00:42:13 [32minfo[39m: Routes :: Mounting API Routes... 
2020-06-26 00:42:13 [32minfo[39m: Configuration :: Booting @ Master... 
2020-06-26 00:42:13 [32minfo[39m: Routes :: Mounting API Routes... 
2020-06-26 00:42:13 [32minfo[39m: Database :: Booting @ Master... 
2020-06-26 00:42:13 [32minfo[39m: Server :: Booting @ Master... 
2020-06-26 00:42:13 [31merror[39m: This is a error typ 
2020-06-26 00:42:13 [32minfo[39m: Hello world hellooo 
2020-06-26 00:42:13 [32minfo[39m: Routes :: Mounting API Routes... 
2020-06-26 00:42:13 [32minfo[39m: Database :: Booting @ Master... 
2020-06-26 00:42:13 [32minfo[39m: Server :: Booting @ Master... 
2020-06-26 00:42:13 [31merror[39m: This is a error typ 
2020-06-26 00:42:13 [32minfo[39m: Hello world hellooo 
2020-06-26 00:42:13 [32minfo[39m: Routes :: Mounting API Routes... 
2020-06-26 00:42:13 [32minfo[39m: Database :: Booting @ Master... 
2020-06-26 00:42:13 [32minfo[39m: Server :: Booting @ Master... 
2020-06-26 00:42:13 [31merror[39m: This is a error typ 
2020-06-26 00:42:13 [32minfo[39m: Hello world hellooo 
2020-06-26 00:42:13 [32minfo[39m: Routes :: Mounting API Routes... 
2020-06-26 00:42:13 [32minfo[39m: Routes :: Mounting API Routes... 
2020-06-26 00:42:13 [32minfo[39m: Database :: Booting @ Master... 
2020-06-26 00:42:13 [32minfo[39m: Server :: Booting @ Master... 
2020-06-26 00:42:13 [31merror[39m: This is a error typ 
2020-06-26 00:42:13 [32minfo[39m: Hello world hellooo 
2020-06-26 00:42:13 [32minfo[39m: Database :: Booting @ Master... 
2020-06-26 00:42:13 [32minfo[39m: Server :: Booting @ Master... 
2020-06-26 00:42:13 [31merror[39m: This is a error typ 
2020-06-26 00:42:13 [32minfo[39m: Hello world hellooo 
2020-06-26 00:42:13 [32minfo[39m: Routes :: Mounting API Routes... 
2020-06-26 00:42:13 [32minfo[39m: Database :: Booting @ Master... 
2020-06-26 00:42:13 [32minfo[39m: Server :: Booting @ Master... 
2020-06-26 00:42:13 [31merror[39m: This is a error typ 
2020-06-26 00:42:13 [32minfo[39m: Hello world hellooo 
2020-06-26 00:42:13 [32minfo[39m: Routes :: Mounting API Routes... 
2020-06-26 00:42:13 [32minfo[39m: Database :: Booting @ Master... 
2020-06-26 00:42:13 [32minfo[39m: Server :: Booting @ Master... 
2020-06-26 00:42:13 [31merror[39m: This is a error typ 
2020-06-26 00:42:13 [32minfo[39m: Hello world hellooo 
2020-06-26 00:42:13 [32minfo[39m: Routes :: Mounting API Routes... 
2020-06-26 00:42:13 [32minfo[39m: Database :: Booting @ Master... 
2020-06-26 00:42:13 [32minfo[39m: Server :: Booting @ Master... 
2020-06-26 00:42:13 [31merror[39m: This is a error typ 
2020-06-26 00:42:13 [32minfo[39m: Hello world hellooo 
2020-06-26 00:42:34 [32minfo[39m: Routes :: Mounting API Routes... 
2020-06-26 00:42:34 [32minfo[39m: Configuration :: Booting @ Master... 
2020-06-26 00:42:35 [32minfo[39m: Routes :: Mounting API Routes... 
2020-06-26 00:42:35 [32minfo[39m: Database :: Booting @ Master... 
2020-06-26 00:42:35 [32minfo[39m: Server :: Booting @ Master... 
2020-06-26 00:42:35 [31merror[39m: This is a error typ 
2020-06-26 00:42:35 [32minfo[39m: Hello world hellooo 
2020-06-26 00:42:35 [32minfo[39m: Routes :: Mounting API Routes... 
2020-06-26 00:42:35 [32minfo[39m: Database :: Booting @ Master... 
2020-06-26 00:42:35 [32minfo[39m: Server :: Booting @ Master... 
2020-06-26 00:42:35 [31merror[39m: This is a error typ 
2020-06-26 00:42:35 [32minfo[39m: Hello world hellooo 
2020-06-26 00:42:35 [32minfo[39m: Routes :: Mounting API Routes... 
2020-06-26 00:42:35 [32minfo[39m: Database :: Booting @ Master... 
2020-06-26 00:42:35 [32minfo[39m: Server :: Booting @ Master... 
2020-06-26 00:42:35 [31merror[39m: This is a error typ 
2020-06-26 00:42:35 [32minfo[39m: Hello world hellooo 
2020-06-26 00:42:35 [32minfo[39m: Routes :: Mounting API Routes... 
2020-06-26 00:42:35 [32minfo[39m: Database :: Booting @ Master... 
2020-06-26 00:42:35 [32minfo[39m: Server :: Booting @ Master... 
2020-06-26 00:42:35 [31merror[39m: This is a error typ 
2020-06-26 00:42:35 [32minfo[39m: Hello world hellooo 
2020-06-26 00:42:35 [32minfo[39m: Routes :: Mounting API Routes... 
2020-06-26 00:42:35 [32minfo[39m: Routes :: Mounting API Routes... 
2020-06-26 00:42:35 [32minfo[39m: Database :: Booting @ Master... 
2020-06-26 00:42:35 [32minfo[39m: Server :: Booting @ Master... 
2020-06-26 00:42:35 [31merror[39m: This is a error typ 
2020-06-26 00:42:35 [32minfo[39m: Hello world hellooo 
2020-06-26 00:42:35 [32minfo[39m: Database :: Booting @ Master... 
2020-06-26 00:42:35 [32minfo[39m: Server :: Booting @ Master... 
2020-06-26 00:42:35 [31merror[39m: This is a error typ 
2020-06-26 00:42:35 [32minfo[39m: Hello world hellooo 
2020-06-26 00:42:35 [32minfo[39m: Routes :: Mounting API Routes... 
2020-06-26 00:42:35 [32minfo[39m: Database :: Booting @ Master... 
2020-06-26 00:42:35 [32minfo[39m: Server :: Booting @ Master... 
2020-06-26 00:42:35 [31merror[39m: This is a error typ 
2020-06-26 00:42:35 [32minfo[39m: Hello world hellooo 
2020-06-26 00:42:35 [32minfo[39m: Routes :: Mounting API Routes... 
2020-06-26 00:42:35 [32minfo[39m: Database :: Booting @ Master... 
2020-06-26 00:42:35 [32minfo[39m: Server :: Booting @ Master... 
2020-06-26 00:42:35 [31merror[39m: This is a error typ 
2020-06-26 00:42:35 [32minfo[39m: Hello world hellooo 
2020-06-26 00:42:52 [32minfo[39m: Routes :: Mounting API Routes... 
2020-06-26 00:42:52 [32minfo[39m: Configuration :: Booting @ Master... 
2020-06-26 00:42:53 [32minfo[39m: Routes :: Mounting API Routes... 
2020-06-26 00:42:53 [32minfo[39m: Database :: Booting @ Master... 
2020-06-26 00:42:53 [32minfo[39m: Server :: Booting @ Master... 
2020-06-26 00:42:53 [31merror[39m: This is a error typ 
2020-06-26 00:42:53 [32minfo[39m: Hello world hellooo 
2020-06-26 00:42:53 [32minfo[39m: Routes :: Mounting API Routes... 
2020-06-26 00:42:53 [32minfo[39m: Database :: Booting @ Master... 
2020-06-26 00:42:53 [32minfo[39m: Server :: Booting @ Master... 
2020-06-26 00:42:53 [31merror[39m: This is a error typ 
2020-06-26 00:42:53 [32minfo[39m: Hello world hellooo 
2020-06-26 00:42:53 [32minfo[39m: Routes :: Mounting API Routes... 
2020-06-26 00:42:53 [32minfo[39m: Database :: Booting @ Master... 
2020-06-26 00:42:53 [32minfo[39m: Server :: Booting @ Master... 
2020-06-26 00:42:53 [31merror[39m: This is a error typ 
2020-06-26 00:42:53 [32minfo[39m: Hello world hellooo 
2020-06-26 00:42:53 [32minfo[39m: Routes :: Mounting API Routes... 
2020-06-26 00:42:53 [32minfo[39m: Database :: Booting @ Master... 
2020-06-26 00:42:53 [32minfo[39m: Server :: Booting @ Master... 
2020-06-26 00:42:53 [31merror[39m: This is a error typ 
2020-06-26 00:42:53 [32minfo[39m: Hello world hellooo 
2020-06-26 00:42:53 [32minfo[39m: Routes :: Mounting API Routes... 
2020-06-26 00:42:53 [32minfo[39m: Database :: Booting @ Master... 
2020-06-26 00:42:53 [32minfo[39m: Server :: Booting @ Master... 
2020-06-26 00:42:53 [31merror[39m: This is a error typ 
2020-06-26 00:42:53 [32minfo[39m: Hello world hellooo 
2020-06-26 00:42:53 [32minfo[39m: Routes :: Mounting API Routes... 
2020-06-26 00:42:53 [32minfo[39m: Database :: Booting @ Master... 
2020-06-26 00:42:53 [32minfo[39m: Server :: Booting @ Master... 
2020-06-26 00:42:53 [31merror[39m: This is a error typ 
2020-06-26 00:42:53 [32minfo[39m: Hello world hellooo 
2020-06-26 00:42:53 [32minfo[39m: Routes :: Mounting API Routes... 
2020-06-26 00:42:53 [32minfo[39m: Database :: Booting @ Master... 
2020-06-26 00:42:53 [32minfo[39m: Server :: Booting @ Master... 
2020-06-26 00:42:53 [31merror[39m: This is a error typ 
2020-06-26 00:42:53 [32minfo[39m: Hello world hellooo 
2020-06-26 00:42:53 [32minfo[39m: Routes :: Mounting API Routes... 
2020-06-26 00:42:53 [32minfo[39m: Database :: Booting @ Master... 
2020-06-26 00:42:53 [32minfo[39m: Server :: Booting @ Master... 
2020-06-26 00:42:53 [31merror[39m: This is a error typ 
2020-06-26 00:42:53 [32minfo[39m: Hello world hellooo 
